<?xml version="1.0" encoding="UTF-8"?>
<testng-results ignored="0" total="1" passed="1" failed="0" skipped="0">
  <reporter-output>
    <line>
      <![CDATA[Browser window is maximized successfully]]>
    </line>
  </reporter-output>
  <suite started-at="2023-09-13T02:54:30 IST" name="Default suite" finished-at="2023-09-13T02:54:41 IST" duration-ms="10965">
    <groups>
    </groups>
    <test started-at="2023-09-13T02:54:30 IST" name="Default test" finished-at="2023-09-13T02:54:41 IST" duration-ms="10965">
      <class name="test_Scripts.TC_OFOS_004">
        <test-method is-config="true" signature="beforeSuit()[pri:0, instance:test_Scripts.TC_OFOS_004@4802796d]" started-at="2023-09-13T02:54:30 IST" name="beforeSuit" finished-at="2023-09-13T02:54:30 IST" duration-ms="368" status="PASS">
          <reporter-output>
          </reporter-output>
        </test-method> <!-- beforeSuit -->
        <test-method is-config="true" signature="browserSetup()[pri:0, instance:test_Scripts.TC_OFOS_004@4802796d]" started-at="2023-09-13T02:54:30 IST" name="browserSetup" finished-at="2023-09-13T02:54:35 IST" duration-ms="4447" status="PASS">
          <reporter-output>
            <line>
              <![CDATA[Browser window is maximized successfully]]>
            </line>
          </reporter-output>
        </test-method> <!-- browserSetup -->
        <test-method is-config="true" signature="setup(java.lang.reflect.Method)[pri:0, instance:test_Scripts.TC_OFOS_004@4802796d]" started-at="2023-09-13T02:54:35 IST" name="setup" finished-at="2023-09-13T02:54:35 IST" duration-ms="8" status="PASS">
          <params>
            <param index="0">
              <value>
                <![CDATA[public void test_Scripts.TC_OFOS_004.StuffedOrderingFood() throws java.io.IOException,java.lang.InterruptedException]]>
              </value>
            </param>
          </params>
          <reporter-output>
          </reporter-output>
        </test-method> <!-- setup -->
        <test-method signature="StuffedOrderingFood()[pri:0, instance:test_Scripts.TC_OFOS_004@4802796d]" started-at="2023-09-13T02:54:35 IST" name="StuffedOrderingFood" finished-at="2023-09-13T02:54:41 IST" duration-ms="5963" status="PASS">
          <reporter-output>
          </reporter-output>
        </test-method> <!-- StuffedOrderingFood -->
        <test-method is-config="true" signature="CloseApp()[pri:0, instance:test_Scripts.TC_OFOS_004@4802796d]" started-at="2023-09-13T02:54:41 IST" name="CloseApp" finished-at="2023-09-13T02:54:41 IST" duration-ms="467" status="PASS">
          <reporter-output>
          </reporter-output>
        </test-method> <!-- CloseApp -->
        <test-method is-config="true" signature="afterSuite()[pri:0, instance:test_Scripts.TC_OFOS_004@4802796d]" started-at="2023-09-13T02:54:41 IST" name="afterSuite" finished-at="2023-09-13T02:54:42 IST" duration-ms="416" status="PASS">
          <reporter-output>
          </reporter-output>
        </test-method> <!-- afterSuite -->
      </class> <!-- test_Scripts.TC_OFOS_004 -->
    </test> <!-- Default test -->
  </suite> <!-- Default suite -->
</testng-results>
