<?xml version="1.0" encoding="UTF-8"?>
<!-- Generated by org.testng.reporters.JUnitXMLReporter -->
<testsuite ignored="50" hostname="TYSS" failures="0" tests="26" name="Test" time="207.279" errors="0" timestamp="2023-09-12T10:20:03 IST">
  <testcase classname="test_Scripts.TC_OFOS_006" name="CheesymashedOrderingFood" time="5.567"/>
  <testcase classname="test_Scripts.TC_OFOS_005" name="SpaghettiOrderFood" time="5.312"/>
  <testcase classname="test_Scripts.TC_OFOS_008" name="LemonGrilledChickenOrderingFood" time="4.695"/>
  <testcase classname="test_Scripts.TC_OFOS_007" name="CripsyChickenOrderingFood" time="4.524"/>
  <testcase classname="test_Scripts.TC_OFOS_009" name="TandoorichickenOrderingFood" time="3.679"/>
  <testcase classname="test_Scripts.TC_OFOS_00Login" name="YorkshireOrdingFood" time="1.426"/>
  <testcase classname="test_Scripts.TC_OFOS_020" name="CashOnDeliveryOption" time="4.141"/>
  <testcase classname="test_Scripts.TC_OFOS_022" name="MyOrdersPage" time="4.114"/>
  <testcase classname="test_Scripts.TC_OFOS_021" name="OnlinePaymentorderingSystem" time="3.895"/>
  <testcase classname="test_Scripts.TC_OFOS_002" name="Restaurant1" time="4.076"/>
  <testcase classname="test_Scripts.TC_OFOS_024" name="DeletingMultipleOrders" time="4.807"/>
  <testcase classname="test_Scripts.TC_OFOS_001" name="RegisterAndLogin" time="3.076"/>
  <testcase classname="test_Scripts.TC_OFOS_023" name="Deletingorder" time="5.065"/>
  <testcase classname="test_Scripts.TC_OFOS_004" name="StuffedOrderingFood" time="4.602"/>
  <testcase classname="test_Scripts.TC_OFOS_003" name="LobsterOrdering" time="4.588"/>
  <testcase classname="test_Scripts.TC_OFOS_025" name="RemovingProductFromCart" time="5.028"/>
  <testcase classname="test_Scripts.TC_OFOS_017" name="PrawnCrackersOrderingFood" time="4.142"/>
  <testcase classname="test_Scripts.TC_OFOS_016" name="VegetableFriedrice" time="4.033"/>
  <testcase classname="test_Scripts.TC_OFOS_019" name="ManchurianFoodOrderingSystem" time="4.121"/>
  <testcase classname="test_Scripts.TC_OFOS_018" name="SpringRollOrderingFood" time="4.077"/>
  <testcase classname="test_Scripts.TC_OFOS_011" name="ChickenMadeiraOrderingFood" time="4.002"/>
  <testcase classname="test_Scripts.TC_OFOS_010" name="TacobellOrderingFood" time="3.715"/>
  <testcase classname="test_Scripts.TC_OFOS_013" name="MacNCheeseBitesOrderingFood" time="4.071"/>
  <testcase classname="test_Scripts.TC_OFOS_012" name="BuffaloWingsOrderingFood" time="3.906"/>
  <testcase classname="test_Scripts.TC_OFOS_015" name="MeatBallsOrderingFood" time="3.839"/>
  <testcase classname="test_Scripts.TC_OFOS_014" name="PotatoTwisterOrderingFood" time="3.985"/>
  <testcase classname="generic.Base_Test" name="@BeforeSuite beforeSuit" time="0.0">
    <ignored/>
  </testcase> <!-- @BeforeSuite beforeSuit -->
  <testcase classname="generic.Base_Test" name="@AfterSuite afterSuite" time="0.0">
    <ignored/>
  </testcase> <!-- @AfterSuite afterSuite -->
  <testcase classname="generic.Base_Test" name="@AfterSuite afterSuite" time="0.0">
    <ignored/>
  </testcase> <!-- @AfterSuite afterSuite -->
  <testcase classname="generic.Base_Test" name="@BeforeSuite beforeSuit" time="0.0">
    <ignored/>
  </testcase> <!-- @BeforeSuite beforeSuit -->
  <testcase classname="generic.Base_Test" name="@AfterSuite afterSuite" time="0.0">
    <ignored/>
  </testcase> <!-- @AfterSuite afterSuite -->
  <testcase classname="generic.Base_Test" name="@AfterSuite afterSuite" time="0.0">
    <ignored/>
  </testcase> <!-- @AfterSuite afterSuite -->
  <testcase classname="generic.Base_Test" name="@BeforeSuite beforeSuit" time="0.0">
    <ignored/>
  </testcase> <!-- @BeforeSuite beforeSuit -->
  <testcase classname="generic.Base_Test" name="@BeforeSuite beforeSuit" time="0.0">
    <ignored/>
  </testcase> <!-- @BeforeSuite beforeSuit -->
  <testcase classname="generic.Base_Test" name="@AfterSuite afterSuite" time="0.0">
    <ignored/>
  </testcase> <!-- @AfterSuite afterSuite -->
  <testcase classname="generic.Base_Test" name="@BeforeSuite beforeSuit" time="0.0">
    <ignored/>
  </testcase> <!-- @BeforeSuite beforeSuit -->
  <testcase classname="generic.Base_Test" name="@AfterSuite afterSuite" time="0.0">
    <ignored/>
  </testcase> <!-- @AfterSuite afterSuite -->
  <testcase classname="generic.Base_Test" name="@BeforeSuite beforeSuit" time="0.0">
    <ignored/>
  </testcase> <!-- @BeforeSuite beforeSuit -->
  <testcase classname="generic.Base_Test" name="@BeforeSuite beforeSuit" time="0.0">
    <ignored/>
  </testcase> <!-- @BeforeSuite beforeSuit -->
  <testcase classname="generic.Base_Test" name="@AfterSuite afterSuite" time="0.0">
    <ignored/>
  </testcase> <!-- @AfterSuite afterSuite -->
  <testcase classname="generic.Base_Test" name="@BeforeSuite beforeSuit" time="0.0">
    <ignored/>
  </testcase> <!-- @BeforeSuite beforeSuit -->
  <testcase classname="generic.Base_Test" name="@AfterSuite afterSuite" time="0.0">
    <ignored/>
  </testcase> <!-- @AfterSuite afterSuite -->
  <testcase classname="generic.Base_Test" name="@AfterSuite afterSuite" time="0.0">
    <ignored/>
  </testcase> <!-- @AfterSuite afterSuite -->
  <testcase classname="generic.Base_Test" name="@BeforeSuite beforeSuit" time="0.0">
    <ignored/>
  </testcase> <!-- @BeforeSuite beforeSuit -->
  <testcase classname="generic.Base_Test" name="@AfterSuite afterSuite" time="0.0">
    <ignored/>
  </testcase> <!-- @AfterSuite afterSuite -->
  <testcase classname="generic.Base_Test" name="@AfterSuite afterSuite" time="0.0">
    <ignored/>
  </testcase> <!-- @AfterSuite afterSuite -->
  <testcase classname="generic.Base_Test" name="@BeforeSuite beforeSuit" time="0.0">
    <ignored/>
  </testcase> <!-- @BeforeSuite beforeSuit -->
  <testcase classname="generic.Base_Test" name="@AfterSuite afterSuite" time="0.0">
    <ignored/>
  </testcase> <!-- @AfterSuite afterSuite -->
  <testcase classname="generic.Base_Test" name="@AfterSuite afterSuite" time="0.0">
    <ignored/>
  </testcase> <!-- @AfterSuite afterSuite -->
  <testcase classname="generic.Base_Test" name="@AfterSuite afterSuite" time="0.0">
    <ignored/>
  </testcase> <!-- @AfterSuite afterSuite -->
  <testcase classname="generic.Base_Test" name="@AfterSuite afterSuite" time="0.0">
    <ignored/>
  </testcase> <!-- @AfterSuite afterSuite -->
  <testcase classname="generic.Base_Test" name="@BeforeSuite beforeSuit" time="0.0">
    <ignored/>
  </testcase> <!-- @BeforeSuite beforeSuit -->
  <testcase classname="generic.Base_Test" name="@BeforeSuite beforeSuit" time="0.0">
    <ignored/>
  </testcase> <!-- @BeforeSuite beforeSuit -->
  <testcase classname="generic.Base_Test" name="@AfterSuite afterSuite" time="0.0">
    <ignored/>
  </testcase> <!-- @AfterSuite afterSuite -->
  <testcase classname="generic.Base_Test" name="@BeforeSuite beforeSuit" time="0.0">
    <ignored/>
  </testcase> <!-- @BeforeSuite beforeSuit -->
  <testcase classname="generic.Base_Test" name="@BeforeSuite beforeSuit" time="0.0">
    <ignored/>
  </testcase> <!-- @BeforeSuite beforeSuit -->
  <testcase classname="generic.Base_Test" name="@AfterSuite afterSuite" time="0.0">
    <ignored/>
  </testcase> <!-- @AfterSuite afterSuite -->
  <testcase classname="generic.Base_Test" name="@AfterSuite afterSuite" time="0.0">
    <ignored/>
  </testcase> <!-- @AfterSuite afterSuite -->
  <testcase classname="generic.Base_Test" name="@BeforeSuite beforeSuit" time="0.0">
    <ignored/>
  </testcase> <!-- @BeforeSuite beforeSuit -->
  <testcase classname="generic.Base_Test" name="@BeforeSuite beforeSuit" time="0.0">
    <ignored/>
  </testcase> <!-- @BeforeSuite beforeSuit -->
  <testcase classname="generic.Base_Test" name="@AfterSuite afterSuite" time="0.0">
    <ignored/>
  </testcase> <!-- @AfterSuite afterSuite -->
  <testcase classname="generic.Base_Test" name="@AfterSuite afterSuite" time="0.0">
    <ignored/>
  </testcase> <!-- @AfterSuite afterSuite -->
  <testcase classname="generic.Base_Test" name="@BeforeSuite beforeSuit" time="0.0">
    <ignored/>
  </testcase> <!-- @BeforeSuite beforeSuit -->
  <testcase classname="generic.Base_Test" name="@BeforeSuite beforeSuit" time="0.0">
    <ignored/>
  </testcase> <!-- @BeforeSuite beforeSuit -->
  <testcase classname="generic.Base_Test" name="@AfterSuite afterSuite" time="0.0">
    <ignored/>
  </testcase> <!-- @AfterSuite afterSuite -->
  <testcase classname="generic.Base_Test" name="@AfterSuite afterSuite" time="0.0">
    <ignored/>
  </testcase> <!-- @AfterSuite afterSuite -->
  <testcase classname="generic.Base_Test" name="@BeforeSuite beforeSuit" time="0.0">
    <ignored/>
  </testcase> <!-- @BeforeSuite beforeSuit -->
  <testcase classname="generic.Base_Test" name="@AfterSuite afterSuite" time="0.0">
    <ignored/>
  </testcase> <!-- @AfterSuite afterSuite -->
  <testcase classname="generic.Base_Test" name="@BeforeSuite beforeSuit" time="0.0">
    <ignored/>
  </testcase> <!-- @BeforeSuite beforeSuit -->
  <testcase classname="generic.Base_Test" name="@AfterSuite afterSuite" time="0.0">
    <ignored/>
  </testcase> <!-- @AfterSuite afterSuite -->
  <testcase classname="generic.Base_Test" name="@BeforeSuite beforeSuit" time="0.0">
    <ignored/>
  </testcase> <!-- @BeforeSuite beforeSuit -->
  <testcase classname="generic.Base_Test" name="@BeforeSuite beforeSuit" time="0.0">
    <ignored/>
  </testcase> <!-- @BeforeSuite beforeSuit -->
  <testcase classname="generic.Base_Test" name="@BeforeSuite beforeSuit" time="0.0">
    <ignored/>
  </testcase> <!-- @BeforeSuite beforeSuit -->
  <testcase classname="generic.Base_Test" name="@BeforeSuite beforeSuit" time="0.0">
    <ignored/>
  </testcase> <!-- @BeforeSuite beforeSuit -->
  <testcase classname="generic.Base_Test" name="@AfterSuite afterSuite" time="0.0">
    <ignored/>
  </testcase> <!-- @AfterSuite afterSuite -->
  <testcase classname="generic.Base_Test" name="@BeforeSuite beforeSuit" time="0.0">
    <ignored/>
  </testcase> <!-- @BeforeSuite beforeSuit -->
</testsuite> <!-- Test -->
